This is pdfTeX, Version 3.14159265-2.6-1.40.21 (TeX Live 2020) (preloaded format=pdflatex 2020.12.6)  9 MAY 2021 19:03
entering extended mode
 restricted \write18 enabled.
 %&-line parsing enabled.
**previo.tex
(./previo.tex
LaTeX2e <2020-02-02> patch level 5
L3 programming layer <2020-03-06>

! LaTeX Error: Missing \begin{document}.

See the LaTeX manual or LaTeX Companion for explanation.
Type  H <return>  for immediate help.
 ...                                              
                                                  
l.7 \begin{center}
                  
You're in trouble here.  Try typing  <return>  to proceed.
If that doesn't work, type  X <return>  to quit.


Overfull \hbox (20.0pt too wide) in paragraph at lines 7--7
[] 
 []

! Undefined control sequence.
l.8 \LARGE
           \textsc{Universidad de Alcal√°}\\
The control sequence at the end of the top line
of your error message was never \def'ed. If you have
misspelled it (e.g., `\hobx'), type `I' and the correct
spelling (e.g., `I\hbox'). Otherwise just continue,
and I'll forget about whatever was undefined.


Overfull \hbox (61.0275pt too wide) in paragraph at lines 8--8
 \OT1/cmr/m/sc/10 Universidad 
 []


Overfull \hbox (11.82217pt too wide) in paragraph at lines 8--8
 \OT1/cmr/m/sc/10 de 
 []


Overfull \hbox (17.04985pt too wide) in paragraph at lines 8--8
 \OT1/cmr/m/sc/10 Al- 
 []


Overfull \hbox (23.311pt too wide) in paragraph at lines 8--8
 \OT1/cmr/m/sc/10 cal[]a 
 []


Overfull \hbox (37.64699pt too wide) in paragraph at lines 12--12
 []\OT1/cmr/bx/n/10 Escuela 
 []


Overfull \hbox (54.81914pt too wide) in paragraph at lines 12--12
 \OT1/cmr/bx/n/10 Polit^^Secnica 
 []


Overfull \hbox (16.61102pt too wide) in paragraph at lines 12--12
 \OT1/cmr/bx/n/10 Su- 
 []


Overfull \hbox (15.81242pt too wide) in paragraph at lines 12--12
 \OT1/cmr/bx/n/10 pe- 
 []


Overfull \hbox (18.4166pt too wide) in paragraph at lines 12--12
 \OT1/cmr/bx/n/10 rior 
 []

Missing character: There is no M in font nullfont!
LaTeX Font Info:    Trying to load font information for +cmr on input line 16.
LaTeX Font Info:    No file cmr.fd. on input line 16.

LaTeX Font Warning: Font shape `/cmr/m/n' undefined
(Font)              using `/cmr/m/n' instead on input line 16.

! Corrupted NFSS tables.
wrong@fontshape ...message {Corrupted NFSS tables}
                                                  error@fontshape else let f...
l.16 M√°
        ster Universitario en Ingenier√≠a de Telecomunicaci√≥n\\
This error message was generated by an \errmessage
command, so I can't give any explicit help.
Pretend that you're Hercule Poirot: Examine all clues,
and deduce the truth by order and method.


LaTeX Font Warning: Font shape `/cmr/m/n' undefined
(Font)              using `OT1/cmr/m/n' instead on input line 16.

Missing character: There is no s in font nullfont!
Missing character: There is no t in font nullfont!
Missing character: There is no e in font nullfont!
Missing character: There is no r in font nullfont!
Missing character: There is no U in font nullfont!
Missing character: There is no n in font nullfont!
Missing character: There is no i in font nullfont!
Missing character: There is no v in font nullfont!
Missing character: There is no e in font nullfont!
Missing character: There is no r in font nullfont!
Missing character: There is no s in font nullfont!
Missing character: There is no i in font nullfont!
Missing character: There is no t in font nullfont!
Missing character: There is no a in font nullfont!
Missing character: There is no r in font nullfont!
Missing character: There is no i in font nullfont!
Missing character: There is no o in font nullfont!
Missing character: There is no e in font nullfont!
Missing character: There is no n in font nullfont!
Missing character: There is no I in font nullfont!
Missing character: There is no n in font nullfont!
Missing character: There is no g in font nullfont!
Missing character: There is no e in font nullfont!
Missing character: There is no n in font nullfont!
Missing character: There is no i in font nullfont!
Missing character: There is no e in font nullfont!
Missing character: There is no r in font nullfont!
Missing character: There is no a in font nullfont!
Missing character: There is no d in font nullfont!
Missing character: There is no e in font nullfont!
Missing character: There is no T in font nullfont!
Missing character: There is no e in font nullfont!
Missing character: There is no l in font nullfont!
Missing character: There is no e in font nullfont!
Missing character: There is no c in font nullfont!
Missing character: There is no o in font nullfont!
Missing character: There is no m in font nullfont!
Missing character: There is no u in font nullfont!
Missing character: There is no n in font nullfont!
Missing character: There is no i in font nullfont!
Missing character: There is no c in font nullfont!
Missing character: There is no a in font nullfont!
Missing character: There is no c in font nullfont!
Missing character: There is no i in font nullfont!
Missing character: There is no n in font nullfont!

Overfull \hbox (10.00003pt too wide) in paragraph at lines 16--16
 []\/cmr/m/n/10 ^^Sa 
 []


Overfull \hbox (2.77779pt too wide) in paragraph at lines 16--16
 \/cmr/m/n/10 ^^S^^P 
 []


Overfull \hbox (5.00002pt too wide) in paragraph at lines 16--16
 \/cmr/m/n/10 ^^So 
 []


Overfull \hbox (20.0pt too wide) in paragraph at lines 21--21
[] 
 []

! Undefined control sequence.
l.23 \includegraphics
                     [width=4cm]{Figuras/LogoUAH.eps}\\
The control sequence at the end of the top line
of your error message was never \def'ed. If you have
misspelled it (e.g., `\hobx'), type `I' and the correct
spelling (e.g., `I\hbox'). Otherwise just continue,
and I'll forget about whatever was undefined.

Missing character: There is no [ in font nullfont!
Missing character: There is no w in font nullfont!
Missing character: There is no i in font nullfont!
Missing character: There is no d in font nullfont!
Missing character: There is no t in font nullfont!
Missing character: There is no h in font nullfont!
Missing character: There is no = in font nullfont!
Missing character: There is no 4 in font nullfont!
Missing character: There is no c in font nullfont!
Missing character: There is no m in font nullfont!
Missing character: There is no ] in font nullfont!
Missing character: There is no F in font nullfont!
Missing character: There is no i in font nullfont!
Missing character: There is no g in font nullfont!
Missing character: There is no u in font nullfont!
Missing character: There is no r in font nullfont!
Missing character: There is no a in font nullfont!
Missing character: There is no s in font nullfont!
Missing character: There is no / in font nullfont!
Missing character: There is no L in font nullfont!
Missing character: There is no o in font nullfont!
Missing character: There is no g in font nullfont!
Missing character: There is no o in font nullfont!
Missing character: There is no U in font nullfont!
Missing character: There is no A in font nullfont!
Missing character: There is no H in font nullfont!
Missing character: There is no . in font nullfont!
Missing character: There is no e in font nullfont!
Missing character: There is no p in font nullfont!
Missing character: There is no s in font nullfont!

Overfull \hbox (20.0pt too wide) in paragraph at lines 29--29
[] 
 []

! Undefined control sequence.
l.32 \LARGE
            Proyecto Fin de Carrera\\
The control sequence at the end of the top line
of your error message was never \def'ed. If you have
misspelled it (e.g., `\hobx'), type `I' and the correct
spelling (e.g., `I\hbox'). Otherwise just continue,
and I'll forget about whatever was undefined.

Missing character: There is no P in font nullfont!
Missing character: There is no r in font nullfont!
Missing character: There is no o in font nullfont!
Missing character: There is no y in font nullfont!
Missing character: There is no e in font nullfont!
Missing character: There is no c in font nullfont!
Missing character: There is no t in font nullfont!
Missing character: There is no o in font nullfont!
Missing character: There is no F in font nullfont!
Missing character: There is no i in font nullfont!
Missing character: There is no n in font nullfont!
Missing character: There is no d in font nullfont!
Missing character: There is no e in font nullfont!
Missing character: There is no C in font nullfont!
Missing character: There is no a in font nullfont!
Missing character: There is no r in font nullfont!
Missing character: There is no r in font nullfont!
Missing character: There is no e in font nullfont!
Missing character: There is no r in font nullfont!
Missing character: There is no a in font nullfont!
! Undefined control sequence.
<recently read> \Huge 
                      
l.33 ...sc{{T√≠tulo del Proyecto fin de carrera}}}
                                                  \\
The control sequence at the end of the top line
of your error message was never \def'ed. If you have
misspelled it (e.g., `\hobx'), type `I' and the correct
spelling (e.g., `I\hbox'). Otherwise just continue,
and I'll forget about whatever was undefined.


LaTeX Font Warning: Font shape `OT1/cmr/bx/sc' undefined
(Font)              using `OT1/cmr/bx/n' instead on input line 33.


Overfull \hbox (30.99983pt too wide) in paragraph at lines 33--33
 []\OT1/cmr/bx/n/10 T^^S^^Ptulo 
 []


Overfull \hbox (14.8541pt too wide) in paragraph at lines 33--33
 \OT1/cmr/bx/n/10 del 
 []


Overfull \hbox (44.38173pt too wide) in paragraph at lines 33--33
 \OT1/cmr/bx/n/10 Proyecto 
 []


Overfull \hbox (12.77771pt too wide) in paragraph at lines 33--33
 \OT1/cmr/bx/n/10 fin 
 []


Overfull \hbox (11.65967pt too wide) in paragraph at lines 33--33
 \OT1/cmr/bx/n/10 de 
 []


Overfull \hbox (19.27072pt too wide) in paragraph at lines 33--33
 \OT1/cmr/bx/n/10 car- 
 []


Overfull \hbox (20.33324pt too wide) in paragraph at lines 33--33
 \OT1/cmr/bx/n/10 rera 
 []

! Undefined control sequence.
l.35 \large
            Autor: Nombre y apellidos\\
The control sequence at the end of the top line
of your error message was never \def'ed. If you have
misspelled it (e.g., `\hobx'), type `I' and the correct
spelling (e.g., `I\hbox'). Otherwise just continue,
and I'll forget about whatever was undefined.

Missing character: There is no A in font nullfont!
Missing character: There is no u in font nullfont!
Missing character: There is no t in font nullfont!
Missing character: There is no o in font nullfont!
Missing character: There is no r in font nullfont!
Missing character: There is no : in font nullfont!
Missing character: There is no N in font nullfont!
Missing character: There is no o in font nullfont!
Missing character: There is no m in font nullfont!
Missing character: There is no b in font nullfont!
Missing character: There is no r in font nullfont!
Missing character: There is no e in font nullfont!
Missing character: There is no y in font nullfont!
Missing character: There is no a in font nullfont!
Missing character: There is no p in font nullfont!
Missing character: There is no e in font nullfont!
Missing character: There is no l in font nullfont!
Missing character: There is no l in font nullfont!
Missing character: There is no i in font nullfont!
Missing character: There is no d in font nullfont!
Missing character: There is no o in font nullfont!
Missing character: There is no s in font nullfont!
Missing character: There is no D in font nullfont!
Missing character: There is no i in font nullfont!
Missing character: There is no r in font nullfont!
Missing character: There is no e in font nullfont!
Missing character: There is no c in font nullfont!
Missing character: There is no t in font nullfont!
Missing character: There is no o in font nullfont!
Missing character: There is no r in font nullfont!
Missing character: There is no : in font nullfont!
Missing character: There is no N in font nullfont!
Missing character: There is no o in font nullfont!
Missing character: There is no m in font nullfont!
Missing character: There is no b in font nullfont!
Missing character: There is no r in font nullfont!
Missing character: There is no e in font nullfont!
Missing character: There is no y in font nullfont!
Missing character: There is no a in font nullfont!
Missing character: There is no p in font nullfont!
Missing character: There is no e in font nullfont!
Missing character: There is no l in font nullfont!
Missing character: There is no l in font nullfont!
Missing character: There is no i in font nullfont!
Missing character: There is no d in font nullfont!
Missing character: There is no o in font nullfont!
Missing character: There is no s in font nullfont!
Missing character: There is no . in font nullfont!

Overfull \hbox (20.0pt too wide) in paragraph at lines 40--40
[] 
 []


Overfull \hbox (65.81908pt too wide) in paragraph at lines 41--41
\OT1/cmr/bx/n/10 TRIBUNAL:  
 []


Overfull \hbox (48.56631pt too wide) in paragraph at lines 43--43
[]\OT1/cmr/m/it/10 Presidente: 
 []


Overfull \hbox (10.6166pt too wide) in paragraph at lines 43--43
\OT1/cmr/m/it/10 D. 
 []


Overfull \hbox (24.29985pt too wide) in paragraph at lines 43--43
\OT1/cmr/m/it/10 Nom- 
 []


Overfull \hbox (12.90543pt too wide) in paragraph at lines 43--43
\OT1/cmr/m/it/10 bre 
 []


Overfull \hbox (4.85551pt too wide) in paragraph at lines 43--43
\OT1/cmr/m/it/10 y 
 []


Overfull \hbox (20.44429pt too wide) in paragraph at lines 43--43
\OT1/cmr/m/it/10 apel- 
 []


Overfull \hbox (9.19994pt too wide) in paragraph at lines 43--43
\OT1/cmr/m/it/10 li- 
 []


Overfull \hbox (14.31104pt too wide) in paragraph at lines 43--43
\OT1/cmr/m/it/10 dos 
 []


Overfull \hbox (12.26659pt too wide) in paragraph at lines 43--43
\OT1/cmr/m/it/10 del 
 []


Overfull \hbox (21.08316pt too wide) in paragraph at lines 43--43
\OT1/cmr/m/it/10 pres- 
 []


Overfull \hbox (6.6444pt too wide) in paragraph at lines 43--43
\OT1/cmr/m/it/10 i- 
 []


Overfull \hbox (24.00677pt too wide) in paragraph at lines 43--43
\OT1/cmr/m/it/10 dente  
 []


Overfull \hbox (23.02205pt too wide) in paragraph at lines 45--45
[]\OT1/cmr/m/it/10 Vocal 
 []


Overfull \hbox (12.7766pt too wide) in paragraph at lines 45--45
\OT1/cmr/m/it/10 1\TS1/cmr/m/it/10 ∫\OT1/cmr/m/it/10 : 
 []


Overfull \hbox (10.6166pt too wide) in paragraph at lines 45--45
\OT1/cmr/m/it/10 D. 
 []


Overfull \hbox (24.29985pt too wide) in paragraph at lines 45--45
\OT1/cmr/m/it/10 Nom- 
 []


Overfull \hbox (12.90543pt too wide) in paragraph at lines 45--45
\OT1/cmr/m/it/10 bre 
 []


Overfull \hbox (4.85551pt too wide) in paragraph at lines 45--45
\OT1/cmr/m/it/10 y 
 []


Overfull \hbox (20.44429pt too wide) in paragraph at lines 45--45
\OT1/cmr/m/it/10 apel- 
 []


Overfull \hbox (9.19994pt too wide) in paragraph at lines 45--45
\OT1/cmr/m/it/10 li- 
 []


Overfull \hbox (14.31104pt too wide) in paragraph at lines 45--45
\OT1/cmr/m/it/10 dos 
 []


Overfull \hbox (12.26659pt too wide) in paragraph at lines 45--45
\OT1/cmr/m/it/10 del 
 []


Overfull \hbox (13.28879pt too wide) in paragraph at lines 45--45
\OT1/cmr/m/it/10 vo- 
 []


Overfull \hbox (11.75546pt too wide) in paragraph at lines 45--45
\OT1/cmr/m/it/10 cal 
 []


Overfull \hbox (6.46664pt too wide) in paragraph at lines 45--45
\OT1/cmr/m/it/10 1  
 []


Overfull \hbox (23.02205pt too wide) in paragraph at lines 47--47
[]\OT1/cmr/m/it/10 Vocal 
 []


Overfull \hbox (12.7766pt too wide) in paragraph at lines 47--47
\OT1/cmr/m/it/10 2\TS1/cmr/m/it/10 ∫\OT1/cmr/m/it/10 : 
 []


Overfull \hbox (10.6166pt too wide) in paragraph at lines 47--47
\OT1/cmr/m/it/10 D. 
 []


Overfull \hbox (24.29985pt too wide) in paragraph at lines 47--47
\OT1/cmr/m/it/10 Nom- 
 []


Overfull \hbox (12.90543pt too wide) in paragraph at lines 47--47
\OT1/cmr/m/it/10 bre 
 []


Overfull \hbox (4.85551pt too wide) in paragraph at lines 47--47
\OT1/cmr/m/it/10 y 
 []


Overfull \hbox (20.44429pt too wide) in paragraph at lines 47--47
\OT1/cmr/m/it/10 apel- 
 []


Overfull \hbox (9.19994pt too wide) in paragraph at lines 47--47
\OT1/cmr/m/it/10 li- 
 []


Overfull \hbox (14.31104pt too wide) in paragraph at lines 47--47
\OT1/cmr/m/it/10 dos 
 []


Overfull \hbox (12.26659pt too wide) in paragraph at lines 47--47
\OT1/cmr/m/it/10 del 
 []


Overfull \hbox (13.28879pt too wide) in paragraph at lines 47--47
\OT1/cmr/m/it/10 vo- 
 []


Overfull \hbox (11.75546pt too wide) in paragraph at lines 47--47
\OT1/cmr/m/it/10 cal 
 []


Overfull \hbox (6.46664pt too wide) in paragraph at lines 47--47
\OT1/cmr/m/it/10 2  
 []

Missing character: There is no . in font nullfont!
Missing character: There is no . in font nullfont!
Missing character: There is no . in font nullfont!
Missing character: There is no . in font nullfont!
Missing character: There is no . in font nullfont!
Missing character: There is no . in font nullfont!
Missing character: There is no . in font nullfont!
Missing character: There is no . in font nullfont!
Missing character: There is no . in font nullfont!
Missing character: There is no . in font nullfont!
Missing character: There is no . in font nullfont!
Missing character: There is no . in font nullfont!
Missing character: There is no . in font nullfont!
Missing character: There is no . in font nullfont!
Missing character: There is no . in font nullfont!
Missing character: There is no . in font nullfont!
Missing character: There is no . in font nullfont!
Missing character: There is no . in font nullfont!
Missing character: There is no . in font nullfont!
Missing character: There is no . in font nullfont!
Missing character: There is no . in font nullfont!
Missing character: There is no . in font nullfont!
Missing character: There is no . in font nullfont!
Missing character: There is no . in font nullfont!
Missing character: There is no . in font nullfont!
Missing character: There is no . in font nullfont!
Missing character: There is no . in font nullfont!
Missing character: There is no . in font nullfont!
Missing character: There is no . in font nullfont!
Missing character: There is no . in font nullfont!
Missing character: There is no . in font nullfont!
Missing character: There is no . in font nullfont!
Missing character: There is no . in font nullfont!
Missing character: There is no . in font nullfont!
Missing character: There is no . in font nullfont!
Missing character: There is no . in font nullfont!
Missing character: There is no . in font nullfont!
Missing character: There is no . in font nullfont!
Missing character: There is no . in font nullfont!
Missing character: There is no . in font nullfont!
Missing character: There is no . in font nullfont!
Missing character: There is no . in font nullfont!
Missing character: There is no . in font nullfont!
Missing character: There is no . in font nullfont!
Missing character: There is no . in font nullfont!
Missing character: There is no . in font nullfont!
Missing character: There is no . in font nullfont!
Missing character: There is no . in font nullfont!
Missing character: There is no . in font nullfont!
Missing character: There is no . in font nullfont!
Missing character: There is no . in font nullfont!
Missing character: There is no . in font nullfont!
Missing character: There is no . in font nullfont!
Missing character: There is no . in font nullfont!
Missing character: There is no . in font nullfont!
Missing character: There is no . in font nullfont!
Missing character: There is no . in font nullfont!
Missing character: There is no . in font nullfont!
Missing character: There is no . in font nullfont!
Missing character: There is no . in font nullfont!
Missing character: There is no F in font nullfont!
Missing character: There is no E in font nullfont!
Missing character: There is no C in font nullfont!
Missing character: There is no H in font nullfont!
Missing character: There is no A in font nullfont!
Missing character: There is no : in font nullfont!
Missing character: There is no . in font nullfont!
Missing character: There is no . in font nullfont!
Missing character: There is no . in font nullfont!
Missing character: There is no . in font nullfont!
Missing character: There is no . in font nullfont!
Missing character: There is no . in font nullfont!
Missing character: There is no . in font nullfont!
Missing character: There is no . in font nullfont!
Missing character: There is no . in font nullfont!
Missing character: There is no . in font nullfont!
Missing character: There is no . in font nullfont!
Missing character: There is no . in font nullfont!
Missing character: There is no . in font nullfont!
Missing character: There is no . in font nullfont!
Missing character: There is no . in font nullfont!
Missing character: There is no . in font nullfont!
Missing character: There is no . in font nullfont!
Missing character: There is no . in font nullfont!
Missing character: There is no . in font nullfont!
Missing character: There is no . in font nullfont!

Overfull \hbox (90.05505pt too wide) in paragraph at lines 49--49
[]\OT1/cmr/bx/n/10 CALIFICACI[]ON:  
 []


! LaTeX Error: The font size command \normalsize is not defined:
               there is probably something wrong with the class file.

See the LaTeX manual or LaTeX Companion for explanation.
Type  H <return>  for immediate help.
 ...                                              
                                                  
l.56 \newpage
             
Your command was ignored.
Type  I <command> <return>  to replace it with another command,
or  <return>  to continue without it.

[1{/usr/local/texlive/2020/texmf-var/fonts/map/pdftex/updmap/pdftex.map}]
Overfull \hbox (34.22636pt too wide) in paragraph at lines 58--59
[]|  
 []


! LaTeX Error: The font size command \normalsize is not defined:
               there is probably something wrong with the class file.

See the LaTeX manual or LaTeX Companion for explanation.
Type  H <return>  for immediate help.
 ...                                              
                                                  
l.59 \newpage
             
Your command was ignored.
Type  I <command> <return>  to replace it with another command,
or  <return>  to continue without it.

[2])
! Emergency stop.
<*> previo.tex
              
*** (job aborted, no legal \end found)

 
Here is how much of TeX's memory you used:
 45 strings out of 480608
 647 string characters out of 5903630
 242610 words of memory out of 5000000
 16031 multiletter control sequences out of 15000+600000
 533670 words of font info for 28 fonts, out of 8000000 for 9000
 1141 hyphenation exceptions out of 8191
 17i,4n,16p,142b,147s stack positions out of 5000i,500n,10000p,200000b,80000s
!  ==> Fatal error occurred, no output PDF file produced!
